Removed Pin From Net: NetName=VCC3.3 Pin=P?-1
Removed Pin From Net: NetName=NetP?_2 Pin=P?-2
Removed Pin From Net: NetName=SWD_IO Pin=P?-2
Removed Pin From Net: NetName=GND Pin=P?-3
Removed Pin From Net: NetName=NetP?_3 Pin=P?-3
Removed Pin From Net: NetName=SWD_CLK Pin=P?-4
Removed Pin From Net: NetName=GND Pin=P?-5
Removed Pin From Net: NetName=NetP?_8 Pin=P?-8
Removed Pin From Net: NetName=NetP?_9 Pin=P?-9
Removed Pin From Net: NetName=NetP?_10 Pin=P?-10
Removed Pin From Net: NetName=RESET Pin=P?-10
Removed Pin From Net: NetName=NetP?_11 Pin=P?-11
Removed Pin From Net: NetName=NetP?_12 Pin=P?-12
Removed Pin From Net: NetName=NetP?_13 Pin=P?-13
Removed Pin From Net: NetName=NetP?_14 Pin=P?-14
Removed Pin From Net: NetName=NetP?_15 Pin=P?-15
Removed Pin From Net: NetName=NetP?_16 Pin=P?-16
Removed Pin From Net: NetName=NetP?_16 Pin=µc-49
Removed Pin From Net: NetName=NetP?_15 Pin=µc-50
Removed Pin From Net: NetName=NetP?_14 Pin=µc-51
Removed Pin From Net: NetName=NetP?_13 Pin=µc-52
Removed Pin From Net: NetName=NetP?_12 Pin=µc-53
Removed Pin From Net: NetName=NetP?_10 Pin=µc-55
Removed Pin From Net: NetName=NetP?_9 Pin=µc-56
Removed Pin From Net: NetName=NetP?_8 Pin=µc-57
Removed Pin From Net: NetName=NetP?_3 Pin=µc-62
Removed Pin From Net: NetName=NetP?_2 Pin=µc-63
Change Component DesignItemId : Designator=P? Old DesignItemId=Header 16 New DesignItemId=Header 5X2
Change Component Footprint: Designator=P? Old Footprint=HDR1X16 New Footprint=HDR2X5
Change Component Comment : Designator=P? Old Comment=Header 16 New Comment=Header 5X2
Added Component: Designator=P?(HDR1X16)
Added Pin To Net: NetName=VCC3.3 Pin=P?-1
Added Pin To Net: NetName=VCC3.3 Pin=P?-1
Added Pin To Net: NetName=GND Pin=P?-2
Added Pin To Net: NetName=NetP?_2 Pin=P?-2
Added Pin To Net: NetName=SWD_IO Pin=P?-2
Added Pin To Net: NetName=GND Pin=P?-3
Added Pin To Net: NetName=NetP?_3 Pin=P?-3
Added Pin To Net: NetName=SWD_CLK Pin=P?-4
Added Pin To Net: NetName=GND Pin=P?-5
Added Pin To Net: NetName=NetP?_8 Pin=P?-8
Added Pin To Net: NetName=NetP?_9 Pin=P?-9
Added Pin To Net: NetName=NetP?_10 Pin=P?-10
Added Pin To Net: NetName=RESET Pin=P?-10
Added Pin To Net: NetName=NetP?_12 Pin=P?-12
Added Pin To Net: NetName=NetP?_13 Pin=P?-13
Added Pin To Net: NetName=NetP?_14 Pin=P?-14
Added Pin To Net: NetName=NetP?_15 Pin=P?-15
Added Pin To Net: NetName=RESET Pin=P?-15
Added Pin To Net: NetName=NetP?_16 Pin=P?-16
Added Pin To Net: NetName=NetP?_16 Pin=µc-1
Added Pin To Net: NetName=NetP?_15 Pin=µc-2
Added Pin To Net: NetName=NetP?_10 Pin=µc-7
Added Pin To Net: NetName=NetP?_3 Pin=µc-14
Added Pin To Net: NetName=NetP?_2 Pin=µc-15
Added Pin To Net: NetName=NetP?_14 Pin=µc-19
Added Pin To Net: NetName=NetP?_13 Pin=µc-20
Added Pin To Net: NetName=NetP?_12 Pin=µc-21
Added Pin To Net: NetName=NetP?_9 Pin=µc-40
Added Pin To Net: NetName=NetP?_8 Pin=µc-41
