Change Component DesignItemId : Designator=P2 Old DesignItemId=Header 4 New DesignItemId=Header 16
Change Component Footprint: Designator=P2 Old Footprint=HDR1X4 New Footprint=HDR1X16
Change Component Comment : Designator=P2 Old Comment=Header 4 New Comment=Header 16
Change Component Designator: OldDesignator=P4 NewDesignator=P3
Added Component: Designator=P4(HDR1X4)
Added Pin To Net: NetName=VCC3.3 Pin=P2-3
Added Pin To Net: NetName=SWD_IO Pin=P2-8
Added Pin To Net: NetName=SWD_CLK Pin=P2-11
Added Pin To Net: NetName=GND Pin=P4-1
Added Pin To Net: NetName=VCC3.3 Pin=P4-2
Change Net Name : Old Net Name=NetP3_1 New Net Name=NetP2_1
Change Net Name : Old Net Name=NetP3_4 New Net Name=NetP2_4
Change Net Name : Old Net Name=NetP4_3 New Net Name=NetP3_3
Change Net Name : Old Net Name=NetP4_4 New Net Name=NetP3_4
Change Net Name : Old Net Name=NetP4_5 New Net Name=NetP3_5
Change Net Name : Old Net Name=NetP4_6 New Net Name=NetP3_6
Change Net Name : Old Net Name=NetP4_7 New Net Name=NetP3_7
Change Net Name : Old Net Name=NetP4_8 New Net Name=NetP3_8
Change Net Name : Old Net Name=NetP4_9 New Net Name=NetP3_9
Change Net Name : Old Net Name=NetP4_10 New Net Name=NetP3_10
Change Net Name : Old Net Name=NetP4_11 New Net Name=NetP3_11
Change Net Name : Old Net Name=NetP4_12 New Net Name=NetP3_12
Change Net Name : Old Net Name=NetP4_13 New Net Name=NetP3_13
Change Net Name : Old Net Name=NetP4_14 New Net Name=NetP3_14
Change Net Name : Old Net Name=NetP4_16 New Net Name=NetP3_16
Added Pin To Net: NetName=NetP2_5 Pin=P2-5
Added Pin To Net: NetName=NetP2_5 Pin=µc-28
Added Net: Name=NetP2_5
Added Pin To Net: NetName=NetP2_6 Pin=P2-6
Added Pin To Net: NetName=NetP2_6 Pin=µc-27
Added Net: Name=NetP2_6
Added Pin To Net: NetName=NetP2_7 Pin=P2-7
Added Pin To Net: NetName=NetP2_7 Pin=µc-26
Added Net: Name=NetP2_7
Added Pin To Net: NetName=NetP2_9 Pin=P2-9
Added Pin To Net: NetName=NetP2_9 Pin=µc-24
Added Net: Name=NetP2_9
Added Pin To Net: NetName=NetP2_10 Pin=P2-10
Added Pin To Net: NetName=NetP2_10 Pin=µc-23
Added Net: Name=NetP2_10
Added Pin To Net: NetName=NetP2_12 Pin=P2-12
Added Pin To Net: NetName=NetP2_12 Pin=µc-21
Added Net: Name=NetP2_12
Added Pin To Net: NetName=NetP2_13 Pin=P2-13
Added Pin To Net: NetName=NetP2_13 Pin=µc-20
Added Net: Name=NetP2_13
Added Pin To Net: NetName=NetP2_14 Pin=P2-14
Added Pin To Net: NetName=NetP2_14 Pin=µc-19
Added Net: Name=NetP2_14
Added Pin To Net: NetName=NetP2_15 Pin=P2-15
Added Pin To Net: NetName=NetP2_15 Pin=µc-18
Added Net: Name=NetP2_15
Added Pin To Net: NetName=NetP2_16 Pin=P2-16
Added Pin To Net: NetName=NetP2_16 Pin=µc-17
Added Net: Name=NetP2_16
Added Pin To Net: NetName=NetP4_3 Pin=P4-3
Added Pin To Net: NetName=NetP4_3 Pin=µc-2
Added Net: Name=NetP4_3
Added Pin To Net: NetName=NetP4_4 Pin=P4-4
Added Pin To Net: NetName=NetP4_4 Pin=µc-1
Added Net: Name=NetP4_4
