Removed Pin From Net: NetName=TXD Pin=P1-11
Removed Pin From Net: NetName=RXD Pin=P1-12
Removed Pin From Net: NetName=GND Pin=P1-13
Removed Pin From Net: NetName=VCC3.3 Pin=P1-14
Removed Pin From Net: NetName=GND Pin=P2-2
Removed Pin From Net: NetName=VCC3.3 Pin=P2-3
Removed Pin From Net: NetName=SWD_IO Pin=P2-8
Removed Pin From Net: NetName=SWD_CLK Pin=P2-11
Removed Pin From Net: NetName=NetP2_4 Pin=µc-29
Change Component DesignItemId : Designator=P2 Old DesignItemId=Header 16 New DesignItemId=Header 4
Change Component DesignItemId : Designator=P1 Old DesignItemId=Header 16 New DesignItemId=Header 10
Change Component Footprint: Designator=P2 Old Footprint=HDR1X16 New Footprint=HDR1X4
Change Component Footprint: Designator=P1 Old Footprint=HDR1X16 New Footprint=HDR1X10
Change Component Comment : Designator=P2 Old Comment=Header 16 New Comment=Header 4
Change Component Comment : Designator=P1 Old Comment=Header 16 New Comment=Header 10
Change Component Designator: OldDesignator=P3 NewDesignator=P4
Added Component: Designator=P3(HDR1X16)
Added Pin To Net: NetName=GND Pin=P2-1
Added Pin To Net: NetName=VCC3.3 Pin=P2-2
Added Pin To Net: NetName=GND Pin=P2-2
Added Pin To Net: NetName=VCC3.3 Pin=P2-3
Added Pin To Net: NetName=NetP2_4 Pin=µc-1
Change Net Name : Old Net Name=NetP3_3 New Net Name=NetP4_3
Change Net Name : Old Net Name=NetP3_4 New Net Name=NetP4_4
Change Net Name : Old Net Name=NetP3_5 New Net Name=NetP4_5
Change Net Name : Old Net Name=NetP3_6 New Net Name=NetP4_6
Change Net Name : Old Net Name=NetP3_7 New Net Name=NetP4_7
Change Net Name : Old Net Name=NetP3_8 New Net Name=NetP4_8
Change Net Name : Old Net Name=NetP3_9 New Net Name=NetP4_9
Change Net Name : Old Net Name=NetP3_10 New Net Name=NetP4_10
Change Net Name : Old Net Name=NetP3_11 New Net Name=NetP4_11
Change Net Name : Old Net Name=NetP3_12 New Net Name=NetP4_12
Change Net Name : Old Net Name=NetP3_13 New Net Name=NetP4_13
Change Net Name : Old Net Name=NetP3_14 New Net Name=NetP4_14
Change Net Name : Old Net Name=NetP3_16 New Net Name=NetP4_16
Added Pin To Net: NetName=NetP2_3 Pin=P2-3
Added Pin To Net: NetName=NetP2_3 Pin=µc-2
Added Net: Name=NetP2_3
Added Pin To Net: NetName=NetP3_1 Pin=P2-1
Added Pin To Net: NetName=NetP3_1 Pin=µc-32
Added Net: Name=NetP3_1
Added Pin To Net: NetName=NetP3_4 Pin=P2-4
Added Pin To Net: NetName=NetP3_4 Pin=µc-29
Added Net: Name=NetP3_4
Added Pin To Net: NetName=NetP3_5 Pin=µc-28
Added Net: Name=NetP3_5
Added Pin To Net: NetName=NetP3_6 Pin=µc-27
Added Net: Name=NetP3_6
Added Pin To Net: NetName=NetP3_7 Pin=µc-26
Added Net: Name=NetP3_7
Added Pin To Net: NetName=NetP3_9 Pin=µc-24
Added Net: Name=NetP3_9
Added Pin To Net: NetName=NetP3_10 Pin=µc-23
Added Net: Name=NetP3_10
Added Pin To Net: NetName=NetP3_12 Pin=µc-21
Added Net: Name=NetP3_12
Added Pin To Net: NetName=NetP3_13 Pin=µc-20
Added Net: Name=NetP3_13
Added Pin To Net: NetName=NetP3_14 Pin=µc-19
Added Net: Name=NetP3_14
Added Pin To Net: NetName=NetP3_15 Pin=µc-18
Added Net: Name=NetP3_15
Added Pin To Net: NetName=NetP3_16 Pin=µc-17
Added Net: Name=NetP3_16
