Change Component Designator: OldDesignator=P? NewDesignator=P0
Change Component Designator: OldDesignator=P? NewDesignator=P1
Change Component Designator: OldDesignator=P? NewDesignator=P2
Change Component Designator: OldDesignator=P? NewDesignator=P3
Change Net Name : Old Net Name=NetP?_1 New Net Name=NetP2_1
Change Net Name : Old Net Name=NetP?_2 New Net Name=NetP1_2
Change Net Name : Old Net Name=NetP?_3 New Net Name=NetP1_3
Change Net Name : Old Net Name=NetP?_4 New Net Name=NetP2_4
Change Net Name : Old Net Name=NetP?_5 New Net Name=NetP2_5
Change Net Name : Old Net Name=NetP?_6 New Net Name=NetP2_6
Change Net Name : Old Net Name=NetP?_7 New Net Name=NetP2_7
Change Net Name : Old Net Name=NetP?_8 New Net Name=NetP3_8
Change Net Name : Old Net Name=NetP?_9 New Net Name=NetP3_9
Change Net Name : Old Net Name=NetP?_10 New Net Name=NetP1_10
Change Net Name : Old Net Name=NetP?_11 New Net Name=NetP0_11
Change Net Name : Old Net Name=NetP?_12 New Net Name=NetP2_12
Change Net Name : Old Net Name=NetP?_13 New Net Name=NetP2_13
Change Net Name : Old Net Name=NetP?_14 New Net Name=NetP2_14
Change Net Name : Old Net Name=NetP?_15 New Net Name=NetP1_15
Change Net Name : Old Net Name=NetP?_16 New Net Name=NetP1_16
Added Pin To Net: NetName=NetP0_1 Pin=P0-1
Added Pin To Net: NetName=NetP0_1 Pin=µc-64
Added Net: Name=NetP0_1
Added Pin To Net: NetName=NetP0_2 Pin=P0-2
Added Pin To Net: NetName=NetP0_2 Pin=µc-63
Added Net: Name=NetP0_2
Added Pin To Net: NetName=NetP0_3 Pin=P0-3
Added Pin To Net: NetName=NetP0_3 Pin=µc-62
Added Net: Name=NetP0_3
Added Pin To Net: NetName=NetP0_4 Pin=P0-4
Added Pin To Net: NetName=NetP0_4 Pin=µc-61
Added Net: Name=NetP0_4
Added Pin To Net: NetName=NetP0_5 Pin=P0-5
Added Pin To Net: NetName=NetP0_5 Pin=µc-60
Added Net: Name=NetP0_5
Added Pin To Net: NetName=NetP0_6 Pin=P0-6
Added Pin To Net: NetName=NetP0_6 Pin=µc-59
Added Net: Name=NetP0_6
Added Pin To Net: NetName=NetP0_7 Pin=P0-7
Added Pin To Net: NetName=NetP0_7 Pin=µc-58
Added Net: Name=NetP0_7
Added Pin To Net: NetName=NetP0_8 Pin=P0-8
Added Pin To Net: NetName=NetP0_8 Pin=µc-57
Added Net: Name=NetP0_8
Added Pin To Net: NetName=NetP0_9 Pin=P0-9
Added Pin To Net: NetName=NetP0_9 Pin=µc-56
Added Net: Name=NetP0_9
Added Pin To Net: NetName=NetP0_10 Pin=P0-10
Added Pin To Net: NetName=NetP0_10 Pin=µc-55
Added Net: Name=NetP0_10
Added Pin To Net: NetName=NetP0_12 Pin=P0-12
Added Pin To Net: NetName=NetP0_12 Pin=µc-53
Added Net: Name=NetP0_12
Added Pin To Net: NetName=NetP0_13 Pin=P0-13
Added Pin To Net: NetName=NetP0_13 Pin=µc-52
Added Net: Name=NetP0_13
Added Pin To Net: NetName=NetP0_14 Pin=P0-14
Added Pin To Net: NetName=NetP0_14 Pin=µc-51
Added Net: Name=NetP0_14
Added Pin To Net: NetName=NetP0_15 Pin=P0-15
Added Pin To Net: NetName=NetP0_15 Pin=µc-50
Added Net: Name=NetP0_15
Added Pin To Net: NetName=NetP0_16 Pin=P0-16
Added Pin To Net: NetName=NetP0_16 Pin=µc-49
Added Net: Name=NetP0_16
Added Pin To Net: NetName=NetP1_5 Pin=P1-5
Added Pin To Net: NetName=NetP1_5 Pin=µc-12
Added Net: Name=NetP1_5
Added Pin To Net: NetName=NetP1_6 Pin=P1-6
Added Pin To Net: NetName=NetP1_6 Pin=µc-11
Added Net: Name=NetP1_6
Added Pin To Net: NetName=NetP1_7 Pin=P1-7
Added Pin To Net: NetName=NetP1_7 Pin=µc-10
Added Net: Name=NetP1_7
Added Pin To Net: NetName=NetP1_8 Pin=P1-8
Added Pin To Net: NetName=NetP1_8 Pin=µc-9
Added Net: Name=NetP1_8
Added Pin To Net: NetName=NetP1_9 Pin=P1-9
Added Pin To Net: NetName=NetP1_9 Pin=µc-8
Added Net: Name=NetP1_9
Added Pin To Net: NetName=NetP2_9 Pin=P2-9
Added Pin To Net: NetName=NetP2_9 Pin=µc-24
Added Net: Name=NetP2_9
Added Pin To Net: NetName=NetP2_10 Pin=P2-10
Added Pin To Net: NetName=NetP2_10 Pin=µc-23
Added Net: Name=NetP2_10
Added Pin To Net: NetName=NetP2_15 Pin=P2-15
Added Pin To Net: NetName=NetP2_15 Pin=µc-18
Added Net: Name=NetP2_15
Added Pin To Net: NetName=NetP2_16 Pin=P2-16
Added Pin To Net: NetName=NetP2_16 Pin=µc-17
Added Net: Name=NetP2_16
Added Pin To Net: NetName=NetP3_3 Pin=P3-3
Added Pin To Net: NetName=NetP3_3 Pin=µc-46
Added Net: Name=NetP3_3
Added Pin To Net: NetName=NetP3_4 Pin=P3-4
Added Pin To Net: NetName=NetP3_4 Pin=µc-45
Added Net: Name=NetP3_4
Added Pin To Net: NetName=NetP3_5 Pin=P3-5
Added Pin To Net: NetName=NetP3_5 Pin=µc-44
Added Net: Name=NetP3_5
Added Pin To Net: NetName=NetP3_6 Pin=P3-6
Added Pin To Net: NetName=NetP3_6 Pin=µc-43
Added Net: Name=NetP3_6
Added Pin To Net: NetName=NetP3_7 Pin=P3-7
Added Pin To Net: NetName=NetP3_7 Pin=µc-42
Added Net: Name=NetP3_7
Added Pin To Net: NetName=NetP3_10 Pin=P3-10
Added Pin To Net: NetName=NetP3_10 Pin=µc-39
Added Net: Name=NetP3_10
Added Pin To Net: NetName=NetP3_11 Pin=P3-11
Added Pin To Net: NetName=NetP3_11 Pin=µc-38
Added Net: Name=NetP3_11
Added Pin To Net: NetName=NetP3_12 Pin=P3-12
Added Pin To Net: NetName=NetP3_12 Pin=µc-37
Added Net: Name=NetP3_12
Added Pin To Net: NetName=NetP3_13 Pin=P3-13
Added Pin To Net: NetName=NetP3_13 Pin=µc-36
Added Net: Name=NetP3_13
Added Pin To Net: NetName=NetP3_14 Pin=P3-14
Added Pin To Net: NetName=NetP3_14 Pin=µc-35
Added Net: Name=NetP3_14
Added Pin To Net: NetName=NetP3_16 Pin=P3-16
Added Pin To Net: NetName=NetP3_16 Pin=µc-33
Added Net: Name=NetP3_16
